<?xml version="1.0" encoding="UTF-8"?>
<!-- Generated by org.testng.reporters.JUnitXMLReporter -->
<testsuite hostname="SYSTEM-C205" ignored="0" name="Default test" tests="3" failures="0" timestamp="03 Apr 2019 09:51:14 GMT" time="22.271" errors="0">
  <testcase name="loginpageTitleTest" time="0.025" classname="testcases.LoginpageTest"/>
  <testcase name="crmLogoImageTest" time="0.045" classname="testcases.LoginpageTest"/>
  <testcase name="loginPageTest" time="2.159" classname="testcases.LoginpageTest"/>
</testsuite> <!-- Default test -->
