<?xml version="1.0" encoding="UTF-8"?>
<testng-results skipped="0" failed="0" ignored="0" total="1" passed="1">
  <reporter-output>
  </reporter-output>
  <suite name="Default suite" duration-ms="13762" started-at="2019-04-02T11:16:01Z" finished-at="2019-04-02T11:16:15Z">
    <groups>
    </groups>
    <test name="Default test" duration-ms="13762" started-at="2019-04-02T11:16:01Z" finished-at="2019-04-02T11:16:15Z">
      <class name="testcases.UserPageTest">
        <test-method status="PASS" signature="setup()[pri:0, instance:testcases.UserPageTest@20398b7c]" name="setup" is-config="true" duration-ms="6772" started-at="2019-04-02T16:46:01Z" finished-at="2019-04-02T16:46:08Z">
          <reporter-output>
          </reporter-output>
        </test-method> <!-- setup -->
        <test-method status="PASS" signature="verifyCreateUserPage()[pri:2, instance:testcases.UserPageTest@20398b7c]" name="verifyCreateUserPage" duration-ms="6301" started-at="2019-04-02T16:46:08Z" finished-at="2019-04-02T16:46:14Z">
          <reporter-output>
          </reporter-output>
        </test-method> <!-- verifyCreateUserPage -->
        <test-method status="PASS" signature="close()[pri:0, instance:testcases.UserPageTest@20398b7c]" name="close" is-config="true" duration-ms="660" started-at="2019-04-02T16:46:14Z" finished-at="2019-04-02T16:46:15Z">
          <reporter-output>
          </reporter-output>
        </test-method> <!-- close -->
      </class> <!-- testcases.UserPageTest -->
    </test> <!-- Default test -->
  </suite> <!-- Default suite -->
</testng-results>
